  client.cpp
D:\Maker\Proj\VS2022\Hello-Socket\HelloSocket-2.0\Client\EasyTcpClient.hpp(47,11): warning C4477: “printf”: 格式字符串“%d”需要类型“int”的参数，但可变参数 1 拥有了类型“SOCKET”
D:\Maker\Proj\VS2022\Hello-Socket\HelloSocket-2.0\Client\EasyTcpClient.hpp(47,11): message : 请考虑在格式字符串中使用“%lld”
D:\Maker\Proj\VS2022\Hello-Socket\HelloSocket-2.0\Client\EasyTcpClient.hpp(47,11): message : 请考虑在格式字符串中使用“%Id”
D:\Maker\Proj\VS2022\Hello-Socket\HelloSocket-2.0\Client\EasyTcpClient.hpp(47,11): message : 请考虑在格式字符串中使用“%I64d”
D:\Maker\Proj\VS2022\Hello-Socket\HelloSocket-2.0\Client\EasyTcpClient.hpp(80,11): warning C4477: “printf”: 格式字符串“%d”需要类型“int”的参数，但可变参数 1 拥有了类型“SOCKET”
D:\Maker\Proj\VS2022\Hello-Socket\HelloSocket-2.0\Client\EasyTcpClient.hpp(80,11): message : 请考虑在格式字符串中使用“%lld”
D:\Maker\Proj\VS2022\Hello-Socket\HelloSocket-2.0\Client\EasyTcpClient.hpp(80,11): message : 请考虑在格式字符串中使用“%Id”
D:\Maker\Proj\VS2022\Hello-Socket\HelloSocket-2.0\Client\EasyTcpClient.hpp(80,11): message : 请考虑在格式字符串中使用“%I64d”
D:\Maker\Proj\VS2022\Hello-Socket\HelloSocket-2.0\Client\EasyTcpClient.hpp(72,31): error C4996: 'inet_addr': Use inet_pton() or InetPton() instead or define _WINSOCK_DEPRECATED_NO_WARNINGS to disable deprecated API warnings
D:\Maker\Proj\VS2022\Hello-Socket\HelloSocket-2.0\Client\EasyTcpClient.hpp(115,27): warning C4244: “参数”: 从“SOCKET”转换到“int”，可能丢失数据
D:\Maker\Proj\VS2022\Hello-Socket\HelloSocket-2.0\Client\EasyTcpClient.hpp(118,12): warning C4477: “printf”: 格式字符串“%d”需要类型“int”的参数，但可变参数 1 拥有了类型“SOCKET”
D:\Maker\Proj\VS2022\Hello-Socket\HelloSocket-2.0\Client\EasyTcpClient.hpp(118,12): message : 请考虑在格式字符串中使用“%lld”
D:\Maker\Proj\VS2022\Hello-Socket\HelloSocket-2.0\Client\EasyTcpClient.hpp(118,12): message : 请考虑在格式字符串中使用“%Id”
D:\Maker\Proj\VS2022\Hello-Socket\HelloSocket-2.0\Client\EasyTcpClient.hpp(118,12): message : 请考虑在格式字符串中使用“%I64d”
D:\Maker\Proj\VS2022\Hello-Socket\HelloSocket-2.0\Client\EasyTcpClient.hpp(128,13): warning C4477: “printf”: 格式字符串“%d”需要类型“int”的参数，但可变参数 1 拥有了类型“SOCKET”
D:\Maker\Proj\VS2022\Hello-Socket\HelloSocket-2.0\Client\EasyTcpClient.hpp(128,13): message : 请考虑在格式字符串中使用“%lld”
D:\Maker\Proj\VS2022\Hello-Socket\HelloSocket-2.0\Client\EasyTcpClient.hpp(128,13): message : 请考虑在格式字符串中使用“%Id”
D:\Maker\Proj\VS2022\Hello-Socket\HelloSocket-2.0\Client\EasyTcpClient.hpp(128,13): message : 请考虑在格式字符串中使用“%I64d”
D:\Maker\Proj\VS2022\Hello-Socket\HelloSocket-2.0\Client\EasyTcpClient.hpp(163,11): warning C4477: “printf”: 格式字符串“%d”需要类型“int”的参数，但可变参数 1 拥有了类型“SOCKET”
D:\Maker\Proj\VS2022\Hello-Socket\HelloSocket-2.0\Client\EasyTcpClient.hpp(163,11): message : 请考虑在格式字符串中使用“%lld”
D:\Maker\Proj\VS2022\Hello-Socket\HelloSocket-2.0\Client\EasyTcpClient.hpp(163,11): message : 请考虑在格式字符串中使用“%Id”
D:\Maker\Proj\VS2022\Hello-Socket\HelloSocket-2.0\Client\EasyTcpClient.hpp(163,11): message : 请考虑在格式字符串中使用“%I64d”
D:\Maker\Proj\VS2022\Hello-Socket\HelloSocket-2.0\Client\EasyTcpClient.hpp(221,12): warning C4477: “printf”: 格式字符串“%d”需要类型“int”的参数，但可变参数 1 拥有了类型“SOCKET”
D:\Maker\Proj\VS2022\Hello-Socket\HelloSocket-2.0\Client\EasyTcpClient.hpp(221,12): message : 请考虑在格式字符串中使用“%lld”
D:\Maker\Proj\VS2022\Hello-Socket\HelloSocket-2.0\Client\EasyTcpClient.hpp(221,12): message : 请考虑在格式字符串中使用“%Id”
D:\Maker\Proj\VS2022\Hello-Socket\HelloSocket-2.0\Client\EasyTcpClient.hpp(221,12): message : 请考虑在格式字符串中使用“%I64d”
D:\Maker\Proj\VS2022\Hello-Socket\HelloSocket-2.0\Client\EasyTcpClient.hpp(226,12): warning C4477: “printf”: 格式字符串“%d”需要类型“int”的参数，但可变参数 1 拥有了类型“SOCKET”
D:\Maker\Proj\VS2022\Hello-Socket\HelloSocket-2.0\Client\EasyTcpClient.hpp(226,12): message : 请考虑在格式字符串中使用“%lld”
D:\Maker\Proj\VS2022\Hello-Socket\HelloSocket-2.0\Client\EasyTcpClient.hpp(226,12): message : 请考虑在格式字符串中使用“%Id”
D:\Maker\Proj\VS2022\Hello-Socket\HelloSocket-2.0\Client\EasyTcpClient.hpp(226,12): message : 请考虑在格式字符串中使用“%I64d”
D:\Maker\Proj\VS2022\Hello-Socket\HelloSocket-2.0\Client\client.cpp(12,3): error C4996: 'scanf': This function or variable may be unsafe. Consider using scanf_s instead. To disable deprecation, use _CRT_SECURE_NO_WARNINGS. See online help for details.
D:\Maker\Proj\VS2022\Hello-Socket\HelloSocket-2.0\Client\client.cpp(81,3): error C4996: 'strcpy': This function or variable may be unsafe. Consider using strcpy_s instead. To disable deprecation, use _CRT_SECURE_NO_WARNINGS. See online help for details.
D:\Maker\Proj\VS2022\Hello-Socket\HelloSocket-2.0\Client\client.cpp(82,3): error C4996: 'strcpy': This function or variable may be unsafe. Consider using strcpy_s instead. To disable deprecation, use _CRT_SECURE_NO_WARNINGS. See online help for details.
