D:\Maker\VS2022_IDE\MSBuild\Microsoft\VC\v170\Microsoft.CppBuild.targets(516,5): warning MSB8004: Intermediate 目录未以斜杠结尾。  此生成实例将添加斜杠，因为必须有这个斜杠才能正确计算 Intermediate 目录。
D:\Maker\VS2022_IDE\MSBuild\Microsoft\VC\v170\Microsoft.CppBuild.targets(517,5): warning MSB8004: Output 目录未以斜杠结尾。  此生成实例将添加斜杠，因为必须有这个斜杠才能正确计算 Output 目录。
  client.cpp
D:\Maker\Proj\VS2022\Hello-Socket\HelloSocket-2.0\EasyTcpClient\client.cpp(1,1): warning C4819: 该文件包含不能在当前代码页(936)中表示的字符。请将该文件保存为 Unicode 格式以防止数据丢失
D:\Maker\Proj\VS2022\Hello-Socket\HelloSocket-2.0\EasyTcpClient\EasyTcpClient.hpp(47,11): warning C4477: “printf”: 格式字符串“%d”需要类型“int”的参数，但可变参数 1 拥有了类型“SOCKET”
D:\Maker\Proj\VS2022\Hello-Socket\HelloSocket-2.0\EasyTcpClient\EasyTcpClient.hpp(47,11): message : 请考虑在格式字符串中使用“%lld”
D:\Maker\Proj\VS2022\Hello-Socket\HelloSocket-2.0\EasyTcpClient\EasyTcpClient.hpp(47,11): message : 请考虑在格式字符串中使用“%Id”
D:\Maker\Proj\VS2022\Hello-Socket\HelloSocket-2.0\EasyTcpClient\EasyTcpClient.hpp(47,11): message : 请考虑在格式字符串中使用“%I64d”
D:\Maker\Proj\VS2022\Hello-Socket\HelloSocket-2.0\EasyTcpClient\EasyTcpClient.hpp(80,11): warning C4477: “printf”: 格式字符串“%d”需要类型“int”的参数，但可变参数 1 拥有了类型“SOCKET”
D:\Maker\Proj\VS2022\Hello-Socket\HelloSocket-2.0\EasyTcpClient\EasyTcpClient.hpp(80,11): message : 请考虑在格式字符串中使用“%lld”
D:\Maker\Proj\VS2022\Hello-Socket\HelloSocket-2.0\EasyTcpClient\EasyTcpClient.hpp(80,11): message : 请考虑在格式字符串中使用“%Id”
D:\Maker\Proj\VS2022\Hello-Socket\HelloSocket-2.0\EasyTcpClient\EasyTcpClient.hpp(80,11): message : 请考虑在格式字符串中使用“%I64d”
D:\Maker\Proj\VS2022\Hello-Socket\HelloSocket-2.0\EasyTcpClient\EasyTcpClient.hpp(72,31): warning C4996: 'inet_addr': Use inet_pton() or InetPton() instead or define _WINSOCK_DEPRECATED_NO_WARNINGS to disable deprecated API warnings
D:\Maker\Proj\VS2022\Hello-Socket\HelloSocket-2.0\EasyTcpClient\EasyTcpClient.hpp(115,27): warning C4244: “参数”: 从“SOCKET”转换到“int”，可能丢失数据
D:\Maker\Proj\VS2022\Hello-Socket\HelloSocket-2.0\EasyTcpClient\EasyTcpClient.hpp(118,12): warning C4477: “printf”: 格式字符串“%d”需要类型“int”的参数，但可变参数 1 拥有了类型“SOCKET”
D:\Maker\Proj\VS2022\Hello-Socket\HelloSocket-2.0\EasyTcpClient\EasyTcpClient.hpp(118,12): message : 请考虑在格式字符串中使用“%lld”
D:\Maker\Proj\VS2022\Hello-Socket\HelloSocket-2.0\EasyTcpClient\EasyTcpClient.hpp(118,12): message : 请考虑在格式字符串中使用“%Id”
D:\Maker\Proj\VS2022\Hello-Socket\HelloSocket-2.0\EasyTcpClient\EasyTcpClient.hpp(118,12): message : 请考虑在格式字符串中使用“%I64d”
D:\Maker\Proj\VS2022\Hello-Socket\HelloSocket-2.0\EasyTcpClient\EasyTcpClient.hpp(128,13): warning C4477: “printf”: 格式字符串“%d”需要类型“int”的参数，但可变参数 1 拥有了类型“SOCKET”
D:\Maker\Proj\VS2022\Hello-Socket\HelloSocket-2.0\EasyTcpClient\EasyTcpClient.hpp(128,13): message : 请考虑在格式字符串中使用“%lld”
D:\Maker\Proj\VS2022\Hello-Socket\HelloSocket-2.0\EasyTcpClient\EasyTcpClient.hpp(128,13): message : 请考虑在格式字符串中使用“%Id”
D:\Maker\Proj\VS2022\Hello-Socket\HelloSocket-2.0\EasyTcpClient\EasyTcpClient.hpp(128,13): message : 请考虑在格式字符串中使用“%I64d”
D:\Maker\Proj\VS2022\Hello-Socket\HelloSocket-2.0\EasyTcpClient\EasyTcpClient.hpp(163,11): warning C4477: “printf”: 格式字符串“%d”需要类型“int”的参数，但可变参数 1 拥有了类型“SOCKET”
D:\Maker\Proj\VS2022\Hello-Socket\HelloSocket-2.0\EasyTcpClient\EasyTcpClient.hpp(163,11): message : 请考虑在格式字符串中使用“%lld”
D:\Maker\Proj\VS2022\Hello-Socket\HelloSocket-2.0\EasyTcpClient\EasyTcpClient.hpp(163,11): message : 请考虑在格式字符串中使用“%Id”
D:\Maker\Proj\VS2022\Hello-Socket\HelloSocket-2.0\EasyTcpClient\EasyTcpClient.hpp(163,11): message : 请考虑在格式字符串中使用“%I64d”
D:\Maker\Proj\VS2022\Hello-Socket\HelloSocket-2.0\EasyTcpClient\EasyTcpClient.hpp(221,12): warning C4477: “printf”: 格式字符串“%d”需要类型“int”的参数，但可变参数 1 拥有了类型“SOCKET”
D:\Maker\Proj\VS2022\Hello-Socket\HelloSocket-2.0\EasyTcpClient\EasyTcpClient.hpp(221,12): message : 请考虑在格式字符串中使用“%lld”
D:\Maker\Proj\VS2022\Hello-Socket\HelloSocket-2.0\EasyTcpClient\EasyTcpClient.hpp(221,12): message : 请考虑在格式字符串中使用“%Id”
D:\Maker\Proj\VS2022\Hello-Socket\HelloSocket-2.0\EasyTcpClient\EasyTcpClient.hpp(221,12): message : 请考虑在格式字符串中使用“%I64d”
D:\Maker\Proj\VS2022\Hello-Socket\HelloSocket-2.0\EasyTcpClient\EasyTcpClient.hpp(226,12): warning C4477: “printf”: 格式字符串“%d”需要类型“int”的参数，但可变参数 1 拥有了类型“SOCKET”
D:\Maker\Proj\VS2022\Hello-Socket\HelloSocket-2.0\EasyTcpClient\EasyTcpClient.hpp(226,12): message : 请考虑在格式字符串中使用“%lld”
D:\Maker\Proj\VS2022\Hello-Socket\HelloSocket-2.0\EasyTcpClient\EasyTcpClient.hpp(226,12): message : 请考虑在格式字符串中使用“%Id”
D:\Maker\Proj\VS2022\Hello-Socket\HelloSocket-2.0\EasyTcpClient\EasyTcpClient.hpp(226,12): message : 请考虑在格式字符串中使用“%I64d”
  EasyTcpClient.vcxproj -> D:\Maker\Proj\VS2022\Hello-Socket\HelloSocket-2.0\out\x64\Debug\EasyTcpClient\EasyTcpClient.exe
